
===========================================================================
 report_power
============================================================================
======================= Fastest Corner ===================================

Group                  Internal  Switching    Leakage      Total
                          Power      Power      Power      Power (Watts)
----------------------------------------------------------------
Sequential             1.21e-02   6.82e-04   1.04e-05   1.28e-02  32.9%
Combinational          6.49e-03   1.35e-02   8.78e-08   2.00e-02  51.4%
Clock                  1.85e-03   4.26e-03   3.52e-08   6.12e-03  15.7%
Macro                  0.00e+00   0.00e+00   0.00e+00   0.00e+00   0.0%
Pad                    0.00e+00   0.00e+00   0.00e+00   0.00e+00   0.0%
----------------------------------------------------------------
Total                  2.04e-02   1.84e-02   1.05e-05   3.89e-02 100.0%
                          52.5%      47.4%       0.0%

======================= Slowest Corner ===================================

Group                  Internal  Switching    Leakage      Total
                          Power      Power      Power      Power (Watts)
----------------------------------------------------------------
Sequential             7.89e-03   4.45e-04   4.46e-05   8.38e-03  31.7%
Combinational          4.86e-03   9.00e-03   5.02e-05   1.39e-02  52.7%
Clock                  1.36e-03   2.75e-03   2.68e-06   4.12e-03  15.6%
Macro                  0.00e+00   0.00e+00   0.00e+00   0.00e+00   0.0%
Pad                    0.00e+00   0.00e+00   0.00e+00   0.00e+00   0.0%
----------------------------------------------------------------
Total                  1.41e-02   1.22e-02   9.75e-05   2.64e-02 100.0%
                          53.4%      46.2%       0.4%

======================= Typical Corner ===================================

Group                  Internal  Switching    Leakage      Total
                          Power      Power      Power      Power (Watts)
----------------------------------------------------------------
Sequential             1.03e-02   5.71e-04   1.04e-05   1.09e-02  32.5%
Combinational          5.95e-03   1.14e-02   3.30e-08   1.74e-02  52.0%
Clock                  1.64e-03   3.57e-03   3.13e-08   5.20e-03  15.5%
Macro                  0.00e+00   0.00e+00   0.00e+00   0.00e+00   0.0%
Pad                    0.00e+00   0.00e+00   0.00e+00   0.00e+00   0.0%
----------------------------------------------------------------
Total                  1.79e-02   1.56e-02   1.05e-05   3.35e-02 100.0%
                          53.4%      46.5%       0.0%

