OpenROAD 6f9b2bb8b808b1bb5831d4525d868212ae50517a 
This program is licensed under the BSD-3 license. See the LICENSE file for details.
Components of this program may be licensed under more restrictive licenses which must be honored.
[INFO ODB-0222] Reading LEF file: /openlane/designs/i2c_interface_component/runs/test3/tmp/merged.nom.lef
[INFO ODB-0223]     Created 13 technology layers
[INFO ODB-0224]     Created 25 technology vias
[INFO ODB-0225]     Created 441 library cells
[INFO ODB-0226] Finished LEF file:  /openlane/designs/i2c_interface_component/runs/test3/tmp/merged.nom.lef
[INFO ODB-0127] Reading DEF file: /openlane/designs/i2c_interface_component/runs/test3/results/routing/i2c_interface_component.def
[INFO ODB-0128] Design: i2c_interface_component
[INFO ODB-0130]     Created 17 pins.
[INFO ODB-0131]     Created 43808 components and 206555 component-terminals.
[INFO ODB-0132]     Created 2 special nets and 164658 connections.
[INFO ODB-0133]     Created 12509 nets and 41897 connections.
[INFO ODB-0134] Finished DEF file: /openlane/designs/i2c_interface_component/runs/test3/results/routing/i2c_interface_component.def
OpenROAD 6f9b2bb8b808b1bb5831d4525d868212ae50517a 
This program is licensed under the BSD-3 license. See the LICENSE file for details.
Components of this program may be licensed under more restrictive licenses which must be honored.
warning: `//.tclsh-history' is not writable.
[?1034hopenroad> 
openroad>         read_lef /openlane/designs/i2c_interface_component/runs/test3/ tmp/merged.nom.lef
[INFO ODB-0222] Reading LEF file: /openlane/designs/i2c_interface_component/runs/test3/tmp/merged.nom.lef
[INFO ODB-0223]     Created 13 technology layers
[INFO ODB-0224]     Created 25 technology vias
[INFO ODB-0225]     Created 441 library cells
[INFO ODB-0226] Finished LEF file:  /openlane/designs/i2c_interface_component/runs/test3/tmp/merged.nom.lef
openroad>         read_verilog /openlane/designs/i2c_interface_component/runs/te st3/tmp/synthesis/pg_define.v
openroad>         link_design i2c_interface_component
[WARNING ORD-2011] LEF master sky130_fd_sc_hd__buf_1 has no liberty cell.
[WARNING ORD-2011] LEF master sky130_fd_sc_hd__nor3_2 has no liberty cell.
[WARNING ORD-2011] LEF master sky130_fd_sc_hd__or2_2 has no liberty cell.
[WARNING ORD-2011] LEF master sky130_fd_sc_hd__inv_2 has no liberty cell.
[WARNING ORD-2011] LEF master sky130_fd_sc_hd__and2_2 has no liberty cell.
[WARNING ORD-2011] LEF master sky130_fd_sc_hd__nor2_2 has no liberty cell.
[WARNING ORD-2011] LEF master sky130_fd_sc_hd__a32o_2 has no liberty cell.
[WARNING ORD-2011] LEF master sky130_fd_sc_hd__o21ai_2 has no liberty cell.
[WARNING ORD-2011] LEF master sky130_fd_sc_hd__nand2_2 has no liberty cell.
[WARNING ORD-2011] LEF master sky130_fd_sc_hd__a2bb2o_2 has no liberty cell.
[WARNING ORD-2011] LEF master sky130_fd_sc_hd__a211o_2 has no liberty cell.
[WARNING ORD-2011] LEF master sky130_fd_sc_hd__or3_2 has no liberty cell.
[WARNING ORD-2011] LEF master sky130_fd_sc_hd__or4_2 has no liberty cell.
[WARNING ORD-2011] LEF master sky130_fd_sc_hd__a21o_2 has no liberty cell.
[WARNING ORD-2011] LEF master sky130_fd_sc_hd__a22o_2 has no liberty cell.
[WARNING ORD-2011] LEF master sky130_fd_sc_hd__a31o_2 has no liberty cell.
[WARNING ORD-2011] LEF master sky130_fd_sc_hd__o21a_2 has no liberty cell.
[WARNING ORD-2011] LEF master sky130_fd_sc_hd__o31a_2 has no liberty cell.
[WARNING ORD-2011] LEF master sky130_fd_sc_hd__and3_2 has no liberty cell.
[WARNING ORD-2011] LEF master sky130_fd_sc_hd__or4b_2 has no liberty cell.
[WARNING ORD-2011] LEF master sky130_fd_sc_hd__a221o_2 has no liberty cell.
[WARNING ORD-2011] LEF master sky130_fd_sc_hd__xor2_2 has no liberty cell.
[WARNING ORD-2011] LEF master sky130_fd_sc_hd__and3b_2 has no liberty cell.
[WARNING ORD-2011] LEF master sky130_fd_sc_hd__or2b_2 has no liberty cell.
[WARNING ORD-2011] LEF master sky130_fd_sc_hd__nor2b_2 has no liberty cell.
[WARNING ORD-2011] LEF master sky130_fd_sc_hd__o32a_2 has no liberty cell.
[WARNING ORD-2011] LEF master sky130_fd_sc_hd__o22a_2 has no liberty cell.
[WARNING ORD-2011] LEF master sky130_fd_sc_hd__or3b_2 has no liberty cell.
[WARNING ORD-2011] LEF master sky130_fd_sc_hd__nand2b_2 has no liberty cell.
[WARNING ORD-2011] LEF master sky130_fd_sc_hd__a21oi_2 has no liberty cell.
[WARNING ORD-2011] LEF master sky130_fd_sc_hd__and2b_2 has no liberty cell.
[WARNING ORD-2011] LEF master sky130_fd_sc_hd__nand3_2 has no liberty cell.
[WARNING ORD-2011] LEF master sky130_fd_sc_hd__and4b_2 has no liberty cell.
[WARNING ORD-2011] LEF master sky130_fd_sc_hd__a311o_2 has no liberty cell.
[WARNING ORD-2011] LEF master sky130_fd_sc_hd__a2111o_2 has no liberty cell.
[WARNING ORD-2011] LEF master sky130_fd_sc_hd__a41o_2 has no liberty cell.
[WARNING ORD-2011] LEF master sky130_fd_sc_hd__mux2_2 has no liberty cell.
[WARNING ORD-2011] LEF master sky130_fd_sc_hd__o311a_2 has no liberty cell.
[WARNING ORD-2011] LEF master sky130_fd_sc_hd__o211a_2 has no liberty cell.
[WARNING ORD-2011] LEF master sky130_fd_sc_hd__o221a_2 has no liberty cell.
[WARNING ORD-2011] LEF master sky130_fd_sc_hd__o21ba_2 has no liberty cell.
[WARNING ORD-2011] LEF master sky130_fd_sc_hd__a211oi_2 has no liberty cell.
[WARNING ORD-2011] LEF master sky130_fd_sc_hd__nand3b_2 has no liberty cell.
[WARNING ORD-2011] LEF master sky130_fd_sc_hd__a21bo_2 has no liberty cell.
[WARNING ORD-2011] LEF master sky130_fd_sc_hd__and4_2 has no liberty cell.
[WARNING ORD-2011] LEF master sky130_fd_sc_hd__xnor2_2 has no liberty cell.
[WARNING ORD-2011] LEF master sky130_fd_sc_hd__o2bb2a_2 has no liberty cell.
[WARNING ORD-2011] LEF master sky130_fd_sc_hd__or4bb_2 has no liberty cell.
[WARNING ORD-2011] LEF master sky130_fd_sc_hd__o21bai_2 has no liberty cell.
[WARNING ORD-2011] LEF master sky130_fd_sc_hd__nor4_2 has no liberty cell.
[WARNING ORD-2011] LEF master sky130_fd_sc_hd__a22oi_2 has no liberty cell.
[WARNING ORD-2011] LEF master sky130_fd_sc_hd__a31oi_2 has no liberty cell.
[WARNING ORD-2011] LEF master sky130_fd_sc_hd__nand4b_2 has no liberty cell.
[WARNING ORD-2011] LEF master sky130_fd_sc_hd__nor3b_2 has no liberty cell.
[WARNING ORD-2011] LEF master sky130_fd_sc_hd__and4bb_2 has no liberty cell.
[WARNING ORD-2011] LEF master sky130_fd_sc_hd__o31ai_2 has no liberty cell.
[WARNING ORD-2011] LEF master sky130_fd_sc_hd__nand4_2 has no liberty cell.
[WARNING ORD-2011] LEF master sky130_fd_sc_hd__mux4_2 has no liberty cell.
[WARNING ORD-2011] LEF master sky130_fd_sc_hd__o211ai_2 has no liberty cell.
[WARNING ORD-2011] LEF master sky130_fd_sc_hd__a21boi_2 has no liberty cell.
[WARNING ORD-2011] LEF master sky130_fd_sc_hd__dfstp_2 has no liberty cell.
[WARNING ORD-2011] LEF master sky130_fd_sc_hd__dfrtp_2 has no liberty cell.
[WARNING ORD-2011] LEF master sky130_fd_sc_hd__dfxtp_2 has no liberty cell.
[WARNING ORD-2011] LEF master sky130_fd_sc_hd__ebufn_2 has no liberty cell.
openroad>         write_def /openlane/designs/i2c_interface_component/runs/test3 /tmp/synthesis/pg_define.intermediate.def
openroad>         exit
unable to write history to `//.tclsh-history'

[INFO ODB-0222] Reading LEF file: /openlane/designs/i2c_interface_component/runs/test3/tmp/merged.nom.lef
[INFO ODB-0223]     Created 13 technology layers
[INFO ODB-0224]     Created 25 technology vias
[INFO ODB-0225]     Created 441 library cells
[INFO ODB-0226] Finished LEF file:  /openlane/designs/i2c_interface_component/runs/test3/tmp/merged.nom.lef
[INFO ODB-0127] Reading DEF file: /openlane/designs/i2c_interface_component/runs/test3/tmp/synthesis/pg_define.intermediate.def
[INFO ODB-0128] Design: i2c_interface_component
[INFO ODB-0130]     Created 15 pins.
[INFO ODB-0131]     Created 10388 components and 78851 component-terminals.
[INFO ODB-0133]     Created 10400 nets and 37299 connections.
[INFO ODB-0134] Finished DEF file: /openlane/designs/i2c_interface_component/runs/test3/tmp/synthesis/pg_define.intermediate.def
Top-level design name: i2c_interface_component
Found default power net 'vccd1'
Found default ground net 'vssd1'
Found 1 power ports.
Found 1 ground ports.
Modified power connections of 43808/43808 cells.
