Thu Jan 11 18:27:17 UTC 2024 - Executing "{openroad -exit -no_init -python /openlane/scripts/odbpy/lefutil.py get_metal_layers -o /openlane/designs/i2c_interface_component/runs/test3/tmp/layers.list /home/viniguima/.volare/sky130A/libs.ref/sky130_fd_sc_hd/techlef/sky130_fd_sc_hd__nom.tlef}"

Thu Jan 11 18:27:18 UTC 2024 - Executing "{/openlane/scripts/mergeLef.py -o /openlane/designs/i2c_interface_component/runs/test3/tmp/merged.nom.lef -i /home/viniguima/.volare/sky130A/libs.ref/sky130_fd_sc_hd/techlef/sky130_fd_sc_hd__nom.tlef {/home/viniguima/.volare/sky130A/libs.ref/sky130_fd_sc_hd/lef/sky130_fd_sc_hd.lef /home/viniguima/.volare/sky130A/libs.ref/sky130_fd_sc_hd/lef/sky130_ef_sc_hd.lef} |& tee /dev/null}"

Thu Jan 11 18:27:18 UTC 2024 - Executing "{/openlane/scripts/mergeLef.py -o /openlane/designs/i2c_interface_component/runs/test3/tmp/merged.min.lef -i /home/viniguima/.volare/sky130A/libs.ref/sky130_fd_sc_hd/techlef/sky130_fd_sc_hd__min.tlef {/home/viniguima/.volare/sky130A/libs.ref/sky130_fd_sc_hd/lef/sky130_fd_sc_hd.lef /home/viniguima/.volare/sky130A/libs.ref/sky130_fd_sc_hd/lef/sky130_ef_sc_hd.lef} |& tee /dev/null}"

Thu Jan 11 18:27:18 UTC 2024 - Executing "{/openlane/scripts/mergeLef.py -o /openlane/designs/i2c_interface_component/runs/test3/tmp/merged.max.lef -i /home/viniguima/.volare/sky130A/libs.ref/sky130_fd_sc_hd/techlef/sky130_fd_sc_hd__max.tlef {/home/viniguima/.volare/sky130A/libs.ref/sky130_fd_sc_hd/lef/sky130_fd_sc_hd.lef /home/viniguima/.volare/sky130A/libs.ref/sky130_fd_sc_hd/lef/sky130_ef_sc_hd.lef} |& tee /dev/null}"

Thu Jan 11 18:27:18 UTC 2024 - Executing "{python3 /openlane/scripts/mergeLib.py --output /openlane/designs/i2c_interface_component/runs/test3/tmp/synthesis/merged.lib --name sky130A_merged /home/viniguima/.volare/sky130A/libs.ref/sky130_fd_sc_hd/lib/sky130_fd_sc_hd__tt_025C_1v80.lib}"

Thu Jan 11 18:27:19 UTC 2024 - Executing "{python3 /openlane/scripts/libtrim.py --cell-file /openlane/designs/i2c_interface_component/runs/test3/tmp/synthesis/trimmed.lib.exclude.list --output /openlane/designs/i2c_interface_component/runs/test3/tmp/synthesis/trimmed.lib /openlane/designs/i2c_interface_component/runs/test3/tmp/synthesis/merged.lib}"

Thu Jan 11 18:27:19 UTC 2024 - Executing "{python3 /openlane/scripts/libtrim.py --cell-file /openlane/designs/i2c_interface_component/runs/test3/tmp/cts/cts.lib.exclude.list --output /openlane/designs/i2c_interface_component/runs/test3/tmp/cts/cts.lib /home/viniguima/.volare/sky130A/libs.ref/sky130_fd_sc_hd/lib/sky130_fd_sc_hd__tt_025C_1v80.lib}"

Thu Jan 11 18:27:20 UTC 2024 - Executing "{python3 /openlane/scripts/libtrim.py --cell-file /openlane/designs/i2c_interface_component/runs/test3/tmp/cts/cts-fastest.lib.exclude.list --output /openlane/designs/i2c_interface_component/runs/test3/tmp/cts/cts-fastest.lib /home/viniguima/.volare/sky130A/libs.ref/sky130_fd_sc_hd/lib/sky130_fd_sc_hd__ff_n40C_1v95.lib}"

Thu Jan 11 18:27:21 UTC 2024 - Executing "{python3 /openlane/scripts/libtrim.py --cell-file /openlane/designs/i2c_interface_component/runs/test3/tmp/cts/cts-slowest.lib.exclude.list --output /openlane/designs/i2c_interface_component/runs/test3/tmp/cts/cts-slowest.lib /home/viniguima/.volare/sky130A/libs.ref/sky130_fd_sc_hd/lib/sky130_fd_sc_hd__ss_100C_1v60.lib}"

Thu Jan 11 18:27:21 UTC 2024 - Executing "{python3 /openlane/scripts/new_tracks.py -i /home/viniguima/.volare/sky130A/libs.tech/openlane/sky130_fd_sc_hd/tracks.info -o /openlane/designs/i2c_interface_component/runs/test3/tmp/routing/config.tracks}"

Thu Jan 11 18:27:22 UTC 2024 - Executing "{echo {OpenLane 6c80fdbc5656ead52b5217a917afd8b94f90eee9} > /openlane/designs/i2c_interface_component/runs/test3/OPENLANE_VERSION}"

Thu Jan 11 18:27:22 UTC 2024 - Executing "{yosys -c /openlane/scripts/yosys/blackbox.tcl}"

Thu Jan 11 18:27:22 UTC 2024 - Executing "{verilator -Wall --lint-only --Wno-DECLFILENAME --top-module i2c_interface_component /openlane/designs/i2c_interface_component/runs/test3/tmp/synthesis/blackbox/sky130_fd_sc_hd__blackbox.v /openlane/designs/i2c_interface_component/src/i2c_interface_component.v -Wno-fatal --relative-includes |& tee /openlane/designs/i2c_interface_component/runs/test3/logs/synthesis/linter.log /dev/null}"

Thu Jan 11 18:27:23 UTC 2024 - Executing "{sed -E {s/^([[:space:]]+)pg_pin(.*)/\1pin\2\n\1    direction : "inout";/g} /home/viniguima/.volare/sky130A/libs.ref/sky130_fd_sc_hd/lib/sky130_fd_sc_hd__tt_025C_1v80.lib > /openlane/designs/i2c_interface_component/runs/test3/tmp/synthesis/1-sky130_fd_sc_hd__tt_025C_1v80.no_pg.lib}"

Thu Jan 11 18:27:23 UTC 2024 - Executing "{sed -E {s/^([[:space:]]+)pg_pin(.*)/\1pin\2\n\1    direction : "inout";/g} /openlane/designs/i2c_interface_component/runs/test3/tmp/synthesis/trimmed.lib > /openlane/designs/i2c_interface_component/runs/test3/tmp/synthesis/1-trimmed.no_pg.lib}"

Thu Jan 11 18:27:23 UTC 2024 - Executing "yosys -c /openlane/scripts/yosys/synth.tcl |& tee /dev/null /openlane/designs/i2c_interface_component/runs/test3/logs/synthesis/1-synthesis.log"

Thu Jan 11 18:27:23 UTC 2024 - Executing "{yosys -c /openlane/scripts/yosys/synth.tcl |& tee /dev/null /openlane/designs/i2c_interface_component/runs/test3/logs/synthesis/1-synthesis.log}"

Thu Jan 11 18:27:49 UTC 2024 - Executing "{sed -i.bak -e {s/\(set ::env(CURRENT_NETLIST)\).*/\1 \/openlane\/designs\/i2c_interface_component\/runs\/test3\/results\/synthesis\/i2c_interface_component.v/} /openlane/designs/i2c_interface_component/runs/test3/config.tcl}"

Thu Jan 11 18:27:49 UTC 2024 - Executing "{sed -i.bak /defparam/d /openlane/designs/i2c_interface_component/runs/test3/results/synthesis/i2c_interface_component.v}"

Thu Jan 11 18:27:49 UTC 2024 - Executing "sta -exit -no_init /openlane/scripts/openroad/sta/multi_corner.tcl |& tee /dev/null /openlane/designs/i2c_interface_component/runs/test3/logs/synthesis/2-sta.log"

Thu Jan 11 18:27:49 UTC 2024 - Executing "{sta -exit -no_init /openlane/scripts/openroad/sta/multi_corner.tcl |& tee /dev/null /openlane/designs/i2c_interface_component/runs/test3/logs/synthesis/2-sta.log}"

Thu Jan 11 18:27:51 UTC 2024 - Executing "{sed -E {s/^([[:space:]]+)pg_pin(.*)/\1pin\2\n\1    direction : "inout";/g} /home/viniguima/.volare/sky130A/libs.ref/sky130_fd_sc_hd/lib/sky130_fd_sc_hd__tt_025C_1v80.lib > /openlane/designs/i2c_interface_component/runs/test3/tmp/synthesis/2-sky130_fd_sc_hd__tt_025C_1v80.no_pg.lib}"

Thu Jan 11 18:27:51 UTC 2024 - Executing "{sed -E {s/^([[:space:]]+)pg_pin(.*)/\1pin\2\n\1    direction : "inout";/g} /openlane/designs/i2c_interface_component/runs/test3/tmp/synthesis/trimmed.lib > /openlane/designs/i2c_interface_component/runs/test3/tmp/synthesis/2-trimmed.no_pg.lib}"

Thu Jan 11 18:27:52 UTC 2024 - Executing "yosys -c /openlane/scripts/yosys/synth.tcl |& tee /dev/null /dev/null"

Thu Jan 11 18:27:52 UTC 2024 - Executing "{yosys -c /openlane/scripts/yosys/synth.tcl |& tee /dev/null /dev/null}"

Thu Jan 11 18:28:17 UTC 2024 - Executing "{sed -i.bak /defparam/d /openlane/designs/i2c_interface_component/runs/test3/tmp/synthesis/pg_define.v}"

Thu Jan 11 18:28:17 UTC 2024 - Executing "openroad -exit /openlane/scripts/openroad/floorplan.tcl |& tee /dev/null /openlane/designs/i2c_interface_component/runs/test3/logs/floorplan/3-initial_fp.log"

Thu Jan 11 18:28:17 UTC 2024 - Executing "{openroad -exit /openlane/scripts/openroad/floorplan.tcl |& tee /dev/null /openlane/designs/i2c_interface_component/runs/test3/logs/floorplan/3-initial_fp.log}"

Thu Jan 11 18:28:18 UTC 2024 - Executing "{openroad -exit -no_init -python /openlane/scripts/odbpy/defutil.py extract_core_dims --output-data /openlane/designs/i2c_interface_component/runs/test3/tmp/dimensions.txt --input-lef /openlane/designs/i2c_interface_component/runs/test3/tmp/merged.nom.lef /openlane/designs/i2c_interface_component/runs/test3/tmp/floorplan/3-initial_fp.def}"

Thu Jan 11 18:28:18 UTC 2024 - Executing "{openroad -exit -no_init -python /openlane/scripts/odbpy/io_place.py --config /openlane/designs/i2c_interface_component/pin_order.cfg --hor-layer met3 --ver-layer met2 --ver-width-mult 2 --hor-width-mult 2 --hor-extension 1 --ver-extension 1 --length 4 --unmatched-error --input-lef /openlane/designs/i2c_interface_component/runs/test3/tmp/merged.nom.lef --output-def /openlane/designs/i2c_interface_component/runs/test3/tmp/floorplan/4-io.def --output /openlane/designs/i2c_interface_component/runs/test3/tmp/floorplan/4-io.odb /openlane/designs/i2c_interface_component/runs/test3/tmp/floorplan/3-initial_fp.odb |& tee /dev/null /openlane/designs/i2c_interface_component/runs/test3/logs/floorplan/4-place_io.log}"

Thu Jan 11 18:28:19 UTC 2024 - Executing "openroad -exit /openlane/scripts/openroad/tapcell.tcl |& tee /dev/null /openlane/designs/i2c_interface_component/runs/test3/logs/floorplan/5-tap.log"

Thu Jan 11 18:28:19 UTC 2024 - Executing "{openroad -exit /openlane/scripts/openroad/tapcell.tcl |& tee /dev/null /openlane/designs/i2c_interface_component/runs/test3/logs/floorplan/5-tap.log}"

Thu Jan 11 18:28:19 UTC 2024 - Executing "openroad -exit /openlane/scripts/openroad/pdn.tcl |& tee /dev/null /openlane/designs/i2c_interface_component/runs/test3/logs/floorplan/6-pdn.log"

Thu Jan 11 18:28:19 UTC 2024 - Executing "{openroad -exit /openlane/scripts/openroad/pdn.tcl |& tee /dev/null /openlane/designs/i2c_interface_component/runs/test3/logs/floorplan/6-pdn.log}"

Thu Jan 11 18:28:21 UTC 2024 - Executing "openroad -exit /openlane/scripts/openroad/gpl.tcl |& tee /dev/null /openlane/designs/i2c_interface_component/runs/test3/logs/placement/6-global.log"

Thu Jan 11 18:28:21 UTC 2024 - Executing "{openroad -exit /openlane/scripts/openroad/gpl.tcl |& tee /dev/null /openlane/designs/i2c_interface_component/runs/test3/logs/placement/6-global.log}"

Thu Jan 11 18:28:46 UTC 2024 - Executing "{sed -i.bak -e {s/\(set ::env(CURRENT_NETLIST)\).*/\1 \/openlane\/designs\/i2c_interface_component\/runs\/test3\/tmp\/placement\/7-global.nl.v/} /openlane/designs/i2c_interface_component/runs/test3/config.tcl}"

Thu Jan 11 18:28:46 UTC 2024 - Executing "openroad -exit /openlane/scripts/openroad/sta/multi_corner.tcl |& tee /dev/null /openlane/designs/i2c_interface_component/runs/test3/logs/placement/8-gpl_sta.log"

Thu Jan 11 18:28:46 UTC 2024 - Executing "{openroad -exit /openlane/scripts/openroad/sta/multi_corner.tcl |& tee /dev/null /openlane/designs/i2c_interface_component/runs/test3/logs/placement/8-gpl_sta.log}"

Thu Jan 11 18:28:50 UTC 2024 - Executing "openroad -exit /openlane/scripts/openroad/resizer.tcl |& tee /dev/null /openlane/designs/i2c_interface_component/runs/test3/logs/placement/9-resizer.log"

Thu Jan 11 18:28:50 UTC 2024 - Executing "{openroad -exit /openlane/scripts/openroad/resizer.tcl |& tee /dev/null /openlane/designs/i2c_interface_component/runs/test3/logs/placement/9-resizer.log}"

Thu Jan 11 18:28:58 UTC 2024 - Executing "{sed -i.bak -e {s/\(set ::env(CURRENT_NETLIST)\).*/\1 \/openlane\/designs\/i2c_interface_component\/runs\/test3\/tmp\/placement\/9-resizer.nl.v/} /openlane/designs/i2c_interface_component/runs/test3/config.tcl}"

Thu Jan 11 18:28:58 UTC 2024 - Executing "openroad -exit /openlane/scripts/openroad/dpl.tcl |& tee /dev/null /openlane/designs/i2c_interface_component/runs/test3/logs/placement/10-detailed.log"

Thu Jan 11 18:28:58 UTC 2024 - Executing "{openroad -exit /openlane/scripts/openroad/dpl.tcl |& tee /dev/null /openlane/designs/i2c_interface_component/runs/test3/logs/placement/10-detailed.log}"

Thu Jan 11 18:28:59 UTC 2024 - Executing "{sed -i.bak -e {s/\(set ::env(CURRENT_NETLIST)\).*/\1 \/openlane\/designs\/i2c_interface_component\/runs\/test3\/results\/placement\/i2c_interface_component.nl.v/} /openlane/designs/i2c_interface_component/runs/test3/config.tcl}"

Thu Jan 11 18:28:59 UTC 2024 - Executing "openroad -exit /openlane/scripts/openroad/sta/multi_corner.tcl |& tee /dev/null /openlane/designs/i2c_interface_component/runs/test3/logs/placement/11-dpl_sta.log"

Thu Jan 11 18:28:59 UTC 2024 - Executing "{openroad -exit /openlane/scripts/openroad/sta/multi_corner.tcl |& tee /dev/null /openlane/designs/i2c_interface_component/runs/test3/logs/placement/11-dpl_sta.log}"

Thu Jan 11 18:29:02 UTC 2024 - Executing "openroad -exit /openlane/scripts/openroad/cts.tcl |& tee /dev/null /openlane/designs/i2c_interface_component/runs/test3/logs/cts/12-cts.log"

Thu Jan 11 18:29:02 UTC 2024 - Executing "{openroad -exit /openlane/scripts/openroad/cts.tcl |& tee /dev/null /openlane/designs/i2c_interface_component/runs/test3/logs/cts/12-cts.log}"

Thu Jan 11 18:29:48 UTC 2024 - Executing "openroad -exit /openlane/scripts/openroad/sta/multi_corner.tcl |& tee /dev/null /openlane/designs/i2c_interface_component/runs/test3/logs/cts/13-cts_sta.log"

Thu Jan 11 18:29:48 UTC 2024 - Executing "{openroad -exit /openlane/scripts/openroad/sta/multi_corner.tcl |& tee /dev/null /openlane/designs/i2c_interface_component/runs/test3/logs/cts/13-cts_sta.log}"

Thu Jan 11 18:29:52 UTC 2024 - Executing "openroad -exit /openlane/scripts/openroad/resizer_timing.tcl |& tee /dev/null /openlane/designs/i2c_interface_component/runs/test3/logs/cts/14-resizer.log"

Thu Jan 11 18:29:52 UTC 2024 - Executing "{openroad -exit /openlane/scripts/openroad/resizer_timing.tcl |& tee /dev/null /openlane/designs/i2c_interface_component/runs/test3/logs/cts/14-resizer.log}"

Thu Jan 11 18:30:01 UTC 2024 - Executing "{sed -i.bak -e {s/\(set ::env(CURRENT_NETLIST)\).*/\1 \/openlane\/designs\/i2c_interface_component\/runs\/test3\/tmp\/cts\/14-i2c_interface_component.resized.nl.v/} /openlane/designs/i2c_interface_component/runs/test3/config.tcl}"

Thu Jan 11 18:30:01 UTC 2024 - Executing "openroad -exit /openlane/scripts/openroad/repair_antennas.tcl |& tee /dev/null /openlane/designs/i2c_interface_component/runs/test3/logs/routing/15-global.log"

Thu Jan 11 18:30:01 UTC 2024 - Executing "{openroad -exit /openlane/scripts/openroad/repair_antennas.tcl |& tee /dev/null /openlane/designs/i2c_interface_component/runs/test3/logs/routing/15-global.log}"

Thu Jan 11 18:30:09 UTC 2024 - Executing "openroad -exit /openlane/scripts/openroad/write_views.tcl |& tee /dev/null /openlane/designs/i2c_interface_component/runs/test3/logs/routing/15-global_write_netlist.log"

Thu Jan 11 18:30:09 UTC 2024 - Executing "{openroad -exit /openlane/scripts/openroad/write_views.tcl |& tee /dev/null /openlane/designs/i2c_interface_component/runs/test3/logs/routing/15-global_write_netlist.log}"

Thu Jan 11 18:30:09 UTC 2024 - Executing "{sed -i.bak -e {s/\(set ::env(CURRENT_NETLIST)\).*/\1 \/openlane\/designs\/i2c_interface_component\/runs\/test3\/tmp\/routing\/global.nl.v/} /openlane/designs/i2c_interface_component/runs/test3/config.tcl}"

Thu Jan 11 18:30:10 UTC 2024 - Executing "openroad -exit /openlane/scripts/openroad/sta/multi_corner.tcl |& tee /dev/null /openlane/designs/i2c_interface_component/runs/test3/logs/routing/17-grt_sta.log"

Thu Jan 11 18:30:10 UTC 2024 - Executing "{openroad -exit /openlane/scripts/openroad/sta/multi_corner.tcl |& tee /dev/null /openlane/designs/i2c_interface_component/runs/test3/logs/routing/17-grt_sta.log}"

Thu Jan 11 18:30:12 UTC 2024 - Executing "openroad -exit /openlane/scripts/openroad/fill.tcl |& tee /dev/null /openlane/designs/i2c_interface_component/runs/test3/logs/routing/18-fill.log"

Thu Jan 11 18:30:12 UTC 2024 - Executing "{openroad -exit /openlane/scripts/openroad/fill.tcl |& tee /dev/null /openlane/designs/i2c_interface_component/runs/test3/logs/routing/18-fill.log}"

Thu Jan 11 18:30:14 UTC 2024 - Executing "{sed -i.bak -e {s/\(set ::env(CURRENT_NETLIST)\).*/\1 \/openlane\/designs\/i2c_interface_component\/runs\/test3\/tmp\/routing\/18-fill.nl.v/} /openlane/designs/i2c_interface_component/runs/test3/config.tcl}"

Thu Jan 11 18:30:14 UTC 2024 - Executing "openroad -exit -metrics /openlane/designs/i2c_interface_component/runs/test3/reports/routing/19-drt_metrics.json /openlane/scripts/openroad/droute.tcl |& tee /dev/null /openlane/designs/i2c_interface_component/runs/test3/logs/routing/19-detailed.log"

Thu Jan 11 18:30:14 UTC 2024 - Executing "{openroad -exit -metrics /openlane/designs/i2c_interface_component/runs/test3/reports/routing/19-drt_metrics.json /openlane/scripts/openroad/droute.tcl |& tee /dev/null /openlane/designs/i2c_interface_component/runs/test3/logs/routing/19-detailed.log}"

Thu Jan 11 18:34:28 UTC 2024 - Executing "{sed -i.bak -e {s/\(set ::env(CURRENT_NETLIST)\).*/\1 \/openlane\/designs\/i2c_interface_component\/runs\/test3\/results\/routing\/i2c_interface_component.nl.v/} /openlane/designs/i2c_interface_component/runs/test3/config.tcl}"

Thu Jan 11 18:34:28 UTC 2024 - Executing "{python3 /openlane/scripts/drc_rosetta.py tr to_klayout -o /openlane/designs/i2c_interface_component/runs/test3/reports/routing/drt.klayout.xml --design-name i2c_interface_component /openlane/designs/i2c_interface_component/runs/test3/reports/routing/drt.drc}"

Thu Jan 11 18:34:28 UTC 2024 - Executing "{openroad -exit -no_init -python /openlane/scripts/odbpy/wire_lengths.py --report-out /openlane/designs/i2c_interface_component/runs/test3/reports/routing/20-wire_lengths.csv --input-lef /openlane/designs/i2c_interface_component/runs/test3/tmp/merged.nom.lef --output-def /dev/null --output /openlane/designs/i2c_interface_component/runs/test3/results/routing/i2c_interface_component.odb /openlane/designs/i2c_interface_component/runs/test3/results/routing/i2c_interface_component.odb |& tee /dev/null /openlane/designs/i2c_interface_component/runs/test3/logs/routing/20-wire_lengths.log}"

Thu Jan 11 18:34:29 UTC 2024 - Executing "openroad -exit /openlane/scripts/openroad/rcx.tcl |& tee /dev/null /openlane/designs/i2c_interface_component/runs/test3/logs/signoff/21-parasitics_extraction.min.log"

Thu Jan 11 18:34:29 UTC 2024 - Executing "{openroad -exit /openlane/scripts/openroad/rcx.tcl |& tee /dev/null /openlane/designs/i2c_interface_component/runs/test3/logs/signoff/21-parasitics_extraction.min.log}"

Thu Jan 11 18:34:35 UTC 2024 - Executing "sta -exit -no_init /openlane/scripts/openroad/sta/multi_corner.tcl |& tee /dev/null /openlane/designs/i2c_interface_component/runs/test3/logs/signoff/22-rcx_mcsta.min.log"

Thu Jan 11 18:34:35 UTC 2024 - Executing "{sta -exit -no_init /openlane/scripts/openroad/sta/multi_corner.tcl |& tee /dev/null /openlane/designs/i2c_interface_component/runs/test3/logs/signoff/22-rcx_mcsta.min.log}"

Thu Jan 11 18:34:55 UTC 2024 - Executing "openroad -exit /openlane/scripts/openroad/rcx.tcl |& tee /dev/null /openlane/designs/i2c_interface_component/runs/test3/logs/signoff/23-parasitics_extraction.max.log"

Thu Jan 11 18:34:55 UTC 2024 - Executing "{openroad -exit /openlane/scripts/openroad/rcx.tcl |& tee /dev/null /openlane/designs/i2c_interface_component/runs/test3/logs/signoff/23-parasitics_extraction.max.log}"

Thu Jan 11 18:35:00 UTC 2024 - Executing "sta -exit -no_init /openlane/scripts/openroad/sta/multi_corner.tcl |& tee /dev/null /openlane/designs/i2c_interface_component/runs/test3/logs/signoff/24-rcx_mcsta.max.log"

Thu Jan 11 18:35:00 UTC 2024 - Executing "{sta -exit -no_init /openlane/scripts/openroad/sta/multi_corner.tcl |& tee /dev/null /openlane/designs/i2c_interface_component/runs/test3/logs/signoff/24-rcx_mcsta.max.log}"

Thu Jan 11 18:35:22 UTC 2024 - Executing "openroad -exit /openlane/scripts/openroad/rcx.tcl |& tee /dev/null /openlane/designs/i2c_interface_component/runs/test3/logs/signoff/25-parasitics_extraction.nom.log"

Thu Jan 11 18:35:22 UTC 2024 - Executing "{openroad -exit /openlane/scripts/openroad/rcx.tcl |& tee /dev/null /openlane/designs/i2c_interface_component/runs/test3/logs/signoff/25-parasitics_extraction.nom.log}"

Thu Jan 11 18:35:27 UTC 2024 - Executing "sta -exit -no_init /openlane/scripts/openroad/sta/multi_corner.tcl |& tee /dev/null /openlane/designs/i2c_interface_component/runs/test3/logs/signoff/26-rcx_mcsta.nom.log"

Thu Jan 11 18:35:27 UTC 2024 - Executing "{sta -exit -no_init /openlane/scripts/openroad/sta/multi_corner.tcl |& tee /dev/null /openlane/designs/i2c_interface_component/runs/test3/logs/signoff/26-rcx_mcsta.nom.log}"

Thu Jan 11 18:35:48 UTC 2024 - Executing "openroad -exit /openlane/scripts/openroad/irdrop.tcl |& tee /dev/null /openlane/designs/i2c_interface_component/runs/test3/logs/signoff/27-irdrop.log"

Thu Jan 11 18:35:48 UTC 2024 - Executing "{openroad -exit /openlane/scripts/openroad/irdrop.tcl |& tee /dev/null /openlane/designs/i2c_interface_component/runs/test3/logs/signoff/27-irdrop.log}"

Thu Jan 11 18:35:54 UTC 2024 - Executing "magic -noconsole -dnull -rcfile /home/viniguima/.volare/sky130A/libs.tech/magic/sky130A.magicrc < /openlane/scripts/magic/wrapper.tcl |& tee /dev/null /openlane/designs/i2c_interface_component/runs/test3/logs/signoff/28-gdsii.log"

Thu Jan 11 18:35:54 UTC 2024 - Executing "{magic -noconsole -dnull -rcfile /home/viniguima/.volare/sky130A/libs.tech/magic/sky130A.magicrc < /openlane/scripts/magic/wrapper.tcl |& tee /dev/null /openlane/designs/i2c_interface_component/runs/test3/logs/signoff/28-gdsii.log}"

Thu Jan 11 18:36:07 UTC 2024 - Executing "magic -noconsole -dnull -rcfile /home/viniguima/.volare/sky130A/libs.tech/magic/sky130A.magicrc < /openlane/scripts/magic/wrapper.tcl |& tee /dev/null /openlane/designs/i2c_interface_component/runs/test3/logs/signoff/28-gds_ptrs.log"

Thu Jan 11 18:36:07 UTC 2024 - Executing "{magic -noconsole -dnull -rcfile /home/viniguima/.volare/sky130A/libs.tech/magic/sky130A.magicrc < /openlane/scripts/magic/wrapper.tcl |& tee /dev/null /openlane/designs/i2c_interface_component/runs/test3/logs/signoff/28-gds_ptrs.log}"

Thu Jan 11 18:36:16 UTC 2024 - Executing "{sed -i.bak -n {/^<< properties >>/,/^<< end >>/p} /openlane/designs/i2c_interface_component/runs/test3/tmp/signoff/gds_ptrs.mag}"

Thu Jan 11 18:36:16 UTC 2024 - Executing "magic -noconsole -dnull -rcfile /home/viniguima/.volare/sky130A/libs.tech/magic/sky130A.magicrc < /openlane/scripts/magic/wrapper.tcl |& tee /dev/null /openlane/designs/i2c_interface_component/runs/test3/logs/signoff/28-lef.log"

Thu Jan 11 18:36:17 UTC 2024 - Executing "{magic -noconsole -dnull -rcfile /home/viniguima/.volare/sky130A/libs.tech/magic/sky130A.magicrc < /openlane/scripts/magic/wrapper.tcl |& tee /dev/null /openlane/designs/i2c_interface_component/runs/test3/logs/signoff/28-lef.log}"

Thu Jan 11 18:36:32 UTC 2024 - Executing "magic -noconsole -dnull -rcfile /home/viniguima/.volare/sky130A/libs.tech/magic/sky130A.magicrc < /openlane/scripts/magic/wrapper.tcl |& tee /dev/null /openlane/designs/i2c_interface_component/runs/test3/logs/signoff/28-maglef.log"

Thu Jan 11 18:36:32 UTC 2024 - Executing "{magic -noconsole -dnull -rcfile /home/viniguima/.volare/sky130A/libs.tech/magic/sky130A.magicrc < /openlane/scripts/magic/wrapper.tcl |& tee /dev/null /openlane/designs/i2c_interface_component/runs/test3/logs/signoff/28-maglef.log}"

Thu Jan 11 18:36:33 UTC 2024 - Executing "{python3 /openlane/scripts/klayout/stream_out.py --output /openlane/designs/i2c_interface_component/runs/test3/results/signoff/i2c_interface_component.klayout.gds --lyt /home/viniguima/.volare/sky130A/libs.tech/klayout/tech/sky130A.lyt --lym /home/viniguima/.volare/sky130A/libs.tech/klayout/tech/sky130A.map --lyp /home/viniguima/.volare/sky130A/libs.tech/klayout/tech/sky130A.lyp --top i2c_interface_component --with-gds-file /home/viniguima/.volare/sky130A/libs.ref/sky130_fd_sc_hd/gds/sky130_fd_sc_hd.gds --input-lef /openlane/designs/i2c_interface_component/runs/test3/tmp/merged.nom.lef /openlane/designs/i2c_interface_component/runs/test3/results/routing/i2c_interface_component.def |& tee /dev/null /openlane/designs/i2c_interface_component/runs/test3/logs/signoff/29-gdsii-klayout.log}"

Thu Jan 11 18:36:35 UTC 2024 - Executing "{klayout -b -r /openlane/scripts/klayout/xor.drc -rd a=/openlane/designs/i2c_interface_component/runs/test3/results/signoff/i2c_interface_component.gds -rd b=/openlane/designs/i2c_interface_component/runs/test3/results/signoff/i2c_interface_component.klayout.gds -rd jobs=1 -rd rdb_out=/openlane/designs/i2c_interface_component/runs/test3/reports/signoff/30-xor.xml -rd ignore=81/14 -rd rpt_out=/openlane/designs/i2c_interface_component/runs/test3/reports/signoff/30-xor.rpt |& tee /dev/null /openlane/designs/i2c_interface_component/runs/test3/logs/signoff/30-xor.log}"

Thu Jan 11 18:37:05 UTC 2024 - Executing "magic -noconsole -dnull -rcfile /home/viniguima/.volare/sky130A/libs.tech/magic/sky130A.magicrc < /openlane/scripts/magic/wrapper.tcl |& tee /dev/null /openlane/designs/i2c_interface_component/runs/test3/logs/signoff/31-spice.log"

Thu Jan 11 18:37:05 UTC 2024 - Executing "{magic -noconsole -dnull -rcfile /home/viniguima/.volare/sky130A/libs.tech/magic/sky130A.magicrc < /openlane/scripts/magic/wrapper.tcl |& tee /dev/null /openlane/designs/i2c_interface_component/runs/test3/logs/signoff/31-spice.log}"

Thu Jan 11 18:37:40 UTC 2024 - Executing "{openroad -exit -no_init -python /openlane/scripts/odbpy/power_utils.py write_powered_def --output /openlane/designs/i2c_interface_component/runs/test3/tmp/signoff/31-i2c_interface_component.p.def --input-lef /openlane/designs/i2c_interface_component/runs/test3/tmp/merged.nom.lef --power-port vccd1 --ground-port vssd1 --powered-netlist /openlane/designs/i2c_interface_component/runs/test3/tmp/synthesis/pg_define.v /openlane/designs/i2c_interface_component/runs/test3/results/routing/i2c_interface_component.def |& tee /dev/null /openlane/designs/i2c_interface_component/runs/test3/logs/signoff/32-write_powered_def.log}"

Thu Jan 11 18:37:45 UTC 2024 - Executing "openroad -exit /openlane/scripts/openroad/write_views.tcl |& tee /dev/null /openlane/designs/i2c_interface_component/runs/test3/logs/signoff/32-write_powered_verilog.log"

Thu Jan 11 18:37:45 UTC 2024 - Executing "{openroad -exit /openlane/scripts/openroad/write_views.tcl |& tee /dev/null /openlane/designs/i2c_interface_component/runs/test3/logs/signoff/32-write_powered_verilog.log}"

Thu Jan 11 18:37:47 UTC 2024 - Executing "{sed -i.bak -e {s/\(set ::env(CURRENT_NETLIST)\).*/\1 \/openlane\/designs\/i2c_interface_component\/runs\/test3\/tmp\/signoff\/31-i2c_interface_component.nl.v/} /openlane/designs/i2c_interface_component/runs/test3/config.tcl}"

Thu Jan 11 18:37:48 UTC 2024 - Executing "{netgen -batch source /openlane/designs/i2c_interface_component/runs/test3/tmp/signoff/34-setup_file.lef.lvs |& tee /dev/null /openlane/designs/i2c_interface_component/runs/test3/logs/signoff/34-lvs.lef.log}"

Thu Jan 11 18:37:52 UTC 2024 - Executing "magic -noconsole -dnull -rcfile /home/viniguima/.volare/sky130A/libs.tech/magic/sky130A.magicrc < /openlane/scripts/magic/wrapper.tcl |& tee /dev/null /openlane/designs/i2c_interface_component/runs/test3/logs/signoff/35-drc.log"

Thu Jan 11 18:37:52 UTC 2024 - Executing "{magic -noconsole -dnull -rcfile /home/viniguima/.volare/sky130A/libs.tech/magic/sky130A.magicrc < /openlane/scripts/magic/wrapper.tcl |& tee /dev/null /openlane/designs/i2c_interface_component/runs/test3/logs/signoff/35-drc.log}"

Thu Jan 11 18:40:47 UTC 2024 - Executing "{python3 /openlane/scripts/drc_rosetta.py magic to_tcl -o /openlane/designs/i2c_interface_component/runs/test3/reports/signoff/drc.tcl /openlane/designs/i2c_interface_component/runs/test3/reports/signoff/drc.rpt}"

Thu Jan 11 18:40:47 UTC 2024 - Executing "{python3 /openlane/scripts/drc_rosetta.py magic to_tr -o /openlane/designs/i2c_interface_component/runs/test3/reports/signoff/drc.tr /openlane/designs/i2c_interface_component/runs/test3/reports/signoff/drc.rpt}"

Thu Jan 11 18:40:47 UTC 2024 - Executing "{python3 /openlane/scripts/drc_rosetta.py tr to_klayout -o /openlane/designs/i2c_interface_component/runs/test3/reports/signoff/drc.klayout.xml --design-name i2c_interface_component /openlane/designs/i2c_interface_component/runs/test3/reports/signoff/drc.tr}"

Thu Jan 11 18:40:47 UTC 2024 - Executing "{python3 /openlane/scripts/drc_rosetta.py magic to_rdb -o /openlane/designs/i2c_interface_component/runs/test3/reports/signoff/drc.rdb /openlane/designs/i2c_interface_component/runs/test3/reports/signoff/drc.rpt}"

Thu Jan 11 18:40:47 UTC 2024 - Executing "{klayout -b -zz -r /home/viniguima/.volare/sky130A/libs.tech/klayout/drc/sky130A_mr.drc -rd topcell=i2c_interface_component -rd input=/openlane/designs/i2c_interface_component/runs/test3/results/signoff/i2c_interface_component.gds -rd report=/openlane/designs/i2c_interface_component/runs/test3/reports/signoff/violations.xml -rd feol=true -rd beol=true -rd floating_metal=false -rd seal=true -rd thread=1 |& tee /dev/null /openlane/designs/i2c_interface_component/runs/test3/logs/signoff/36-drc-klayout.log}"

Thu Jan 11 18:42:33 UTC 2024 - Executing "{python3 /openlane/scripts/klayout/xml_drc_report_to_json.py --xml-file /openlane/designs/i2c_interface_component/runs/test3/reports/signoff/violations.xml --json-file /openlane/designs/i2c_interface_component/runs/test3/reports/signoff/violations.json}"

Thu Jan 11 18:42:33 UTC 2024 - Executing "openroad -exit /openlane/scripts/openroad/antenna_check.tcl |& tee /dev/null /openlane/designs/i2c_interface_component/runs/test3/logs/signoff/37-arc.log"

Thu Jan 11 18:42:33 UTC 2024 - Executing "{openroad -exit /openlane/scripts/openroad/antenna_check.tcl |& tee /dev/null /openlane/designs/i2c_interface_component/runs/test3/logs/signoff/37-arc.log}"

Thu Jan 11 18:42:37 UTC 2024 - Executing "{python3 /openlane/scripts/extract_antenna_violators.py --output /openlane/designs/i2c_interface_component/runs/test3/reports/signoff/37-antenna_violators.rpt --plain-out /openlane/designs/i2c_interface_component/runs/test3/reports/signoff/37-antenna_violators_pins.txt /openlane/designs/i2c_interface_component/runs/test3/logs/signoff/37-arc.log}"

Thu Jan 11 18:42:38 UTC 2024 - Executing "{python3 /openlane/scripts/write_runtime.py --conclude --seconds --time-in 1704998558 {flow completed}}"

Thu Jan 11 18:42:38 UTC 2024 - Executing "{python3 /openlane/scripts/generate_reports.py -d /openlane/designs/i2c_interface_component --design_name i2c_interface_component --tag test3 --output_file /openlane/designs/i2c_interface_component/runs/test3/reports/metrics.csv --man_report /openlane/designs/i2c_interface_component/runs/test3/reports/manufacturability.rpt --run_path /openlane/designs/i2c_interface_component/runs/test3}"

