
===========================================================================
 report_power
============================================================================
======================= Fastest Corner ===================================

Group                  Internal  Switching    Leakage      Total
                          Power      Power      Power      Power (Watts)
----------------------------------------------------------------
Sequential             1.21e-02   7.47e-04   1.04e-05   1.28e-02  30.9%
Combinational          6.50e-03   1.56e-02   8.78e-08   2.21e-02  53.2%
Clock                  1.86e-03   4.76e-03   3.52e-08   6.61e-03  15.9%
Macro                  0.00e+00   0.00e+00   0.00e+00   0.00e+00   0.0%
Pad                    0.00e+00   0.00e+00   0.00e+00   0.00e+00   0.0%
----------------------------------------------------------------
Total                  2.05e-02   2.11e-02   1.05e-05   4.16e-02 100.0%
                          49.2%      50.8%       0.0%

======================= Slowest Corner ===================================

Group                  Internal  Switching    Leakage      Total
                          Power      Power      Power      Power (Watts)
----------------------------------------------------------------
Sequential             7.89e-03   4.88e-04   4.46e-05   8.42e-03  29.8%
Combinational          4.86e-03   1.04e-02   5.02e-05   1.53e-02  54.4%
Clock                  1.37e-03   3.08e-03   2.68e-06   4.45e-03  15.8%
Macro                  0.00e+00   0.00e+00   0.00e+00   0.00e+00   0.0%
Pad                    0.00e+00   0.00e+00   0.00e+00   0.00e+00   0.0%
----------------------------------------------------------------
Total                  1.41e-02   1.40e-02   9.75e-05   2.82e-02 100.0%
                          50.0%      49.6%       0.3%

======================= Typical Corner ===================================

Group                  Internal  Switching    Leakage      Total
                          Power      Power      Power      Power (Watts)
----------------------------------------------------------------
Sequential             1.03e-02   6.26e-04   1.04e-05   1.09e-02  30.6%
Combinational          5.95e-03   1.32e-02   3.30e-08   1.92e-02  53.7%
Clock                  1.64e-03   3.99e-03   3.13e-08   5.63e-03  15.7%
Macro                  0.00e+00   0.00e+00   0.00e+00   0.00e+00   0.0%
Pad                    0.00e+00   0.00e+00   0.00e+00   0.00e+00   0.0%
----------------------------------------------------------------
Total                  1.79e-02   1.79e-02   1.05e-05   3.58e-02 100.0%
                          50.0%      49.9%       0.0%

